<?xml version="1.0" ?>
<coverage branch-rate="0" branches-covered="0" branches-valid="0" complexity="0" line-rate="0.9091" lines-covered="10" lines-valid="11" timestamp="1561040565319" version="4.5.3">
	<!-- Generated by coverage.py: https://coverage.readthedocs.io -->
	<!-- Based on https://raw.githubusercontent.com/cobertura/web/master/htdocs/xml/coverage-04.dtd -->
	<sources>
		<source>C:\Users\mn14207\PycharmProjects\Practice</source>
	</sources>
	<packages>
		<package branch-rate="0" complexity="0" line-rate="0.9091" name=".">
			<classes>
				<class branch-rate="0" complexity="0" filename="__main__.py" line-rate="1" name="__main__.py">
					<methods/>
					<lines>
						<line hits="1" number="1"/>
						<line hits="1" number="3"/>
						<line hits="1" number="4"/>
						<line hits="1" number="5"/>
						<line hits="1" number="7"/>
						<line hits="1" number="9"/>
					</lines>
				</class>
				<class branch-rate="0" complexity="0" filename="test_sample.py" line-rate="0.8" name="test_sample.py">
					<methods/>
					<lines>
						<line hits="1" number="1"/>
						<line hits="1" number="2"/>
						<line hits="1" number="3"/>
						<line hits="1" number="6"/>
						<line hits="0" number="7"/>
					</lines>
				</class>
			</classes>
		</package>
	</packages>
</coverage>
